mode: set
github.com/mrhumster/web-server-gin/config/config.go:27.26,42.2 1 0
github.com/mrhumster/web-server-gin/config/config.go:44.39,53.2 1 0
github.com/mrhumster/web-server-gin/config/config.go:55.46,56.42 1 0
github.com/mrhumster/web-server-gin/config/config.go:56.42,58.3 1 0
github.com/mrhumster/web-server-gin/config/config.go:59.2,59.21 1 0
github.com/mrhumster/web-server-gin/config/config.go:62.26,78.2 1 0
github.com/mrhumster/web-server-gin/cmd/main.go:17.13,22.15 4 0
github.com/mrhumster/web-server-gin/cmd/main.go:22.15,25.17 3 0
github.com/mrhumster/web-server-gin/cmd/main.go:25.17,27.4 1 0
github.com/mrhumster/web-server-gin/cmd/main.go:28.3,28.39 1 0
github.com/mrhumster/web-server-gin/cmd/main.go:28.39,30.4 1 0
github.com/mrhumster/web-server-gin/cmd/main.go:33.2,38.12 2 0
github.com/mrhumster/web-server-gin/cmd/main.go:38.12,40.77 2 0
github.com/mrhumster/web-server-gin/cmd/main.go:40.77,42.4 1 0
github.com/mrhumster/web-server-gin/cmd/main.go:45.2,53.42 7 0
github.com/mrhumster/web-server-gin/cmd/main.go:53.42,55.3 1 0
github.com/mrhumster/web-server-gin/cmd/main.go:57.2,57.35 1 0
github.com/mrhumster/web-server-gin/dto/response/user.go:24.55,30.2 5 0
github.com/mrhumster/web-server-gin/routes/routes.go:17.61,20.16 2 0
github.com/mrhumster/web-server-gin/routes/routes.go:20.16,21.35 1 0
github.com/mrhumster/web-server-gin/routes/routes.go:25.2,46.40 17 0
github.com/mrhumster/web-server-gin/routes/routes.go:46.40,47.36 1 0
github.com/mrhumster/web-server-gin/routes/routes.go:47.36,51.4 3 0
github.com/mrhumster/web-server-gin/routes/routes.go:52.3,52.47 1 0
github.com/mrhumster/web-server-gin/routes/routes.go:55.2,55.11 1 0
github.com/mrhumster/web-server-gin/repository/album_repository.go:14.55,16.2 1 0
github.com/mrhumster/web-server-gin/repository/album_repository.go:18.94,20.25 2 0
github.com/mrhumster/web-server-gin/repository/album_repository.go:20.25,22.3 1 0
github.com/mrhumster/web-server-gin/repository/album_repository.go:23.2,23.22 1 0
github.com/mrhumster/web-server-gin/repository/album_repository.go:26.93,29.25 3 0
github.com/mrhumster/web-server-gin/repository/album_repository.go:29.25,31.3 1 0
github.com/mrhumster/web-server-gin/repository/album_repository.go:32.2,32.20 1 0
github.com/mrhumster/web-server-gin/repository/album_repository.go:35.79,38.25 3 0
github.com/mrhumster/web-server-gin/repository/album_repository.go:38.25,40.3 1 0
github.com/mrhumster/web-server-gin/repository/album_repository.go:41.2,41.12 1 0
github.com/mrhumster/web-server-gin/repository/user_repository.go:14.53,16.2 1 0
github.com/mrhumster/web-server-gin/repository/user_repository.go:18.90,20.25 2 0
github.com/mrhumster/web-server-gin/repository/user_repository.go:20.25,22.3 1 0
github.com/mrhumster/web-server-gin/repository/user_repository.go:23.2,23.21 1 0
github.com/mrhumster/web-server-gin/repository/user_repository.go:26.91,29.25 3 0
github.com/mrhumster/web-server-gin/repository/user_repository.go:29.25,31.3 1 0
github.com/mrhumster/web-server-gin/repository/user_repository.go:32.2,32.18 1 0
github.com/mrhumster/web-server-gin/repository/user_repository.go:35.99,38.25 3 0
github.com/mrhumster/web-server-gin/repository/user_repository.go:38.25,40.3 1 0
github.com/mrhumster/web-server-gin/repository/user_repository.go:42.2,47.25 4 0
github.com/mrhumster/web-server-gin/repository/user_repository.go:47.25,49.3 1 0
github.com/mrhumster/web-server-gin/repository/user_repository.go:50.2,50.30 1 0
github.com/mrhumster/web-server-gin/repository/user_repository.go:53.77,56.2 2 0
github.com/mrhumster/web-server-gin/repository/user_repository.go:58.105,63.88 5 0
github.com/mrhumster/web-server-gin/repository/user_repository.go:63.88,65.3 1 0
github.com/mrhumster/web-server-gin/repository/user_repository.go:67.2,72.25 2 0
github.com/mrhumster/web-server-gin/repository/user_repository.go:72.25,74.3 1 0
github.com/mrhumster/web-server-gin/repository/user_repository.go:75.2,75.26 1 0
github.com/mrhumster/web-server-gin/models/user.go:16.51,18.16 2 1
github.com/mrhumster/web-server-gin/models/user.go:18.16,20.3 1 0
github.com/mrhumster/web-server-gin/models/user.go:21.2,22.12 2 1
github.com/mrhumster/web-server-gin/models/user.go:25.52,28.2 2 1
github.com/mrhumster/web-server-gin/models/user.go:30.56,34.2 3 0
github.com/mrhumster/web-server-gin/service/album_service.go:14.70,16.2 1 0
github.com/mrhumster/web-server-gin/service/album_service.go:18.91,20.2 1 0
github.com/mrhumster/web-server-gin/service/album_service.go:22.90,24.2 1 0
github.com/mrhumster/web-server-gin/service/album_service.go:26.76,28.2 1 0
github.com/mrhumster/web-server-gin/service/user_service.go:22.67,24.2 1 0
github.com/mrhumster/web-server-gin/service/user_service.go:26.87,28.16 2 0
github.com/mrhumster/web-server-gin/service/user_service.go:28.16,30.29 2 0
github.com/mrhumster/web-server-gin/service/user_service.go:30.29,31.29 1 0
github.com/mrhumster/web-server-gin/service/user_service.go:31.29,33.5 1 0
github.com/mrhumster/web-server-gin/service/user_service.go:35.3,35.44 1 0
github.com/mrhumster/web-server-gin/service/user_service.go:35.44,37.4 1 0
github.com/mrhumster/web-server-gin/service/user_service.go:38.3,38.16 1 0
github.com/mrhumster/web-server-gin/service/user_service.go:40.2,40.16 1 0
github.com/mrhumster/web-server-gin/service/user_service.go:43.84,45.2 1 0
github.com/mrhumster/web-server-gin/service/user_service.go:47.96,49.2 1 0
github.com/mrhumster/web-server-gin/service/user_service.go:51.70,53.2 1 0
github.com/mrhumster/web-server-gin/service/user_service.go:55.106,57.2 1 0
github.com/mrhumster/web-server-gin/tests/testutils/testdb.go:16.28,24.16 4 0
github.com/mrhumster/web-server-gin/tests/testutils/testdb.go:24.16,27.3 2 0
github.com/mrhumster/web-server-gin/tests/testutils/testdb.go:28.2,34.16 3 0
github.com/mrhumster/web-server-gin/tests/testutils/testdb.go:34.16,36.3 1 0
github.com/mrhumster/web-server-gin/tests/testutils/testdb.go:37.2,38.15 2 0
github.com/mrhumster/web-server-gin/tests/testutils/testdb.go:41.29,42.19 1 0
github.com/mrhumster/web-server-gin/tests/testutils/testdb.go:42.19,44.3 1 0
github.com/mrhumster/web-server-gin/tests/testutils/testdb.go:45.2,46.15 2 0
github.com/mrhumster/web-server-gin/tests/testutils/testdb.go:49.26,50.19 1 0
github.com/mrhumster/web-server-gin/tests/testutils/testdb.go:50.19,52.3 1 0
github.com/mrhumster/web-server-gin/tests/testutils/testdb.go:54.2,57.31 3 0
github.com/mrhumster/web-server-gin/tests/testutils/testdb.go:57.31,59.3 1 0
github.com/mrhumster/web-server-gin/tests/testutils/testdb.go:61.2,61.57 1 0
github.com/mrhumster/web-server-gin/tests/testutils/testdb.go:64.29,65.19 1 0
github.com/mrhumster/web-server-gin/tests/testutils/testdb.go:65.19,67.17 2 0
github.com/mrhumster/web-server-gin/tests/testutils/testdb.go:67.17,70.4 2 0
github.com/mrhumster/web-server-gin/tests/testutils/testdb.go:71.3,72.15 2 0
github.com/mrhumster/web-server-gin/tests/testutils/testdb.go:76.27,77.19 1 0
github.com/mrhumster/web-server-gin/tests/testutils/testdb.go:77.19,79.3 1 0
github.com/mrhumster/web-server-gin/tests/testutils/testdb.go:80.2,80.15 1 0
github.com/mrhumster/web-server-gin/handler/album_handler.go:16.67,18.2 1 0
github.com/mrhumster/web-server-gin/handler/album_handler.go:20.52,22.49 2 0
github.com/mrhumster/web-server-gin/handler/album_handler.go:22.49,25.3 2 0
github.com/mrhumster/web-server-gin/handler/album_handler.go:27.2,28.16 2 0
github.com/mrhumster/web-server-gin/handler/album_handler.go:28.16,31.3 2 0
github.com/mrhumster/web-server-gin/handler/album_handler.go:33.2,33.45 1 0
github.com/mrhumster/web-server-gin/handler/album_handler.go:36.53,39.16 3 0
github.com/mrhumster/web-server-gin/handler/album_handler.go:39.16,42.3 2 0
github.com/mrhumster/web-server-gin/handler/album_handler.go:43.2,44.16 2 0
github.com/mrhumster/web-server-gin/handler/album_handler.go:44.16,47.3 2 0
github.com/mrhumster/web-server-gin/handler/album_handler.go:48.2,48.31 1 0
github.com/mrhumster/web-server-gin/handler/album_handler.go:51.56,54.16 3 0
github.com/mrhumster/web-server-gin/handler/album_handler.go:54.16,57.3 2 0
github.com/mrhumster/web-server-gin/handler/album_handler.go:58.2,59.16 2 0
github.com/mrhumster/web-server-gin/handler/album_handler.go:59.16,62.3 2 0
github.com/mrhumster/web-server-gin/handler/album_handler.go:63.2,63.35 1 0
github.com/mrhumster/web-server-gin/handler/common.go:5.62,6.26 1 1
github.com/mrhumster/web-server-gin/handler/common.go:7.18,8.34 1 1
github.com/mrhumster/web-server-gin/handler/common.go:9.15,10.32 1 0
github.com/mrhumster/web-server-gin/handler/common.go:11.13,12.30 1 0
github.com/mrhumster/web-server-gin/handler/common.go:13.13,14.29 1 0
github.com/mrhumster/web-server-gin/handler/common.go:15.13,16.30 1 0
github.com/mrhumster/web-server-gin/handler/common.go:17.13,18.30 1 0
github.com/mrhumster/web-server-gin/handler/common.go:19.10,20.28 1 0
github.com/mrhumster/web-server-gin/handler/user_handler.go:19.64,21.2 1 1
github.com/mrhumster/web-server-gin/handler/user_handler.go:23.50,25.48 2 1
github.com/mrhumster/web-server-gin/handler/user_handler.go:25.48,26.67 1 1
github.com/mrhumster/web-server-gin/handler/user_handler.go:26.67,28.48 2 1
github.com/mrhumster/web-server-gin/handler/user_handler.go:28.48,30.5 1 1
github.com/mrhumster/web-server-gin/handler/user_handler.go:31.4,32.10 2 1
github.com/mrhumster/web-server-gin/handler/user_handler.go:34.3,35.9 2 1
github.com/mrhumster/web-server-gin/handler/user_handler.go:38.2,38.25 1 1
github.com/mrhumster/web-server-gin/handler/user_handler.go:38.25,41.3 2 0
github.com/mrhumster/web-server-gin/handler/user_handler.go:42.2,45.16 4 1
github.com/mrhumster/web-server-gin/handler/user_handler.go:45.16,46.14 1 1
github.com/mrhumster/web-server-gin/handler/user_handler.go:47.37,50.6 1 1
github.com/mrhumster/web-server-gin/handler/user_handler.go:52.11,55.6 1 0
github.com/mrhumster/web-server-gin/handler/user_handler.go:57.3,57.9 1 1
github.com/mrhumster/web-server-gin/handler/user_handler.go:60.2,60.45 1 1
github.com/mrhumster/web-server-gin/handler/user_handler.go:63.48,66.16 3 1
github.com/mrhumster/web-server-gin/handler/user_handler.go:66.16,69.3 2 1
github.com/mrhumster/web-server-gin/handler/user_handler.go:71.2,72.16 2 1
github.com/mrhumster/web-server-gin/handler/user_handler.go:72.16,75.3 2 0
github.com/mrhumster/web-server-gin/handler/user_handler.go:76.2,78.26 3 1
github.com/mrhumster/web-server-gin/handler/user_handler.go:81.46,84.16 3 0
github.com/mrhumster/web-server-gin/handler/user_handler.go:84.16,87.3 2 0
github.com/mrhumster/web-server-gin/handler/user_handler.go:89.2,90.48 2 0
github.com/mrhumster/web-server-gin/handler/user_handler.go:90.48,93.3 2 0
github.com/mrhumster/web-server-gin/handler/user_handler.go:94.2,95.16 2 0
github.com/mrhumster/web-server-gin/handler/user_handler.go:95.16,98.3 2 0
github.com/mrhumster/web-server-gin/handler/user_handler.go:99.2,99.40 1 0
github.com/mrhumster/web-server-gin/handler/user_handler.go:102.46,105.16 3 1
github.com/mrhumster/web-server-gin/handler/user_handler.go:105.16,108.3 2 1
github.com/mrhumster/web-server-gin/handler/user_handler.go:109.2,110.16 2 1
github.com/mrhumster/web-server-gin/handler/user_handler.go:110.16,113.3 2 0
github.com/mrhumster/web-server-gin/handler/user_handler.go:114.2,114.34 1 1
github.com/mrhumster/web-server-gin/handler/user_handler.go:117.49,122.19 4 1
github.com/mrhumster/web-server-gin/handler/user_handler.go:122.19,124.3 1 1
github.com/mrhumster/web-server-gin/handler/user_handler.go:126.2,126.14 1 1
github.com/mrhumster/web-server-gin/handler/user_handler.go:126.14,129.3 2 1
github.com/mrhumster/web-server-gin/handler/user_handler.go:131.2,132.20 2 1
github.com/mrhumster/web-server-gin/handler/user_handler.go:132.20,134.3 1 1
github.com/mrhumster/web-server-gin/handler/user_handler.go:135.2,135.15 1 1
github.com/mrhumster/web-server-gin/handler/user_handler.go:135.15,138.3 2 1
github.com/mrhumster/web-server-gin/handler/user_handler.go:140.2,141.16 2 1
github.com/mrhumster/web-server-gin/handler/user_handler.go:141.16,144.3 2 0
github.com/mrhumster/web-server-gin/handler/user_handler.go:145.2,146.29 2 1
github.com/mrhumster/web-server-gin/handler/user_handler.go:146.29,150.3 3 1
github.com/mrhumster/web-server-gin/handler/user_handler.go:151.2,156.4 1 1
